<?xml version="1.0" encoding="UTF-8"?>
<!-- Generated by org.testng.reporters.JUnitXMLReporter -->
<testsuite ignored="0" hostname="VIVEK" failures="1" tests="2" name="Test" time="31.399" errors="0" timestamp="2022-05-12T23:43:06 IST">
  <testcase classname="com.actitime.testscripts.ScreenShotCutomerModule" name="createCustomer" time="4.027">
    <failure type="java.lang.AssertionError" message="null">
      <![CDATA[java.lang.AssertionError: null
at com.actitime.testscripts.ScreenShotCutomerModule.createCustomer(ScreenShotCutomerModule.java:18)
at java.base/java.util.ArrayList.forEach(ArrayList.java:1511)
... Removed 29 stack frames]]>
    </failure>
  </testcase> <!-- createCustomer -->
  <testcase classname="com.actitime.testscripts.ScreenShotCutomerModule" name="deleteTask" time="4.012"/>
</testsuite> <!-- Test -->
